<?xml version="1.0" encoding="UTF-8"?>
<!-- Generated by org.testng.reporters.JUnitReportReporter -->
<testsuite hostname="Nasib786" name="Test.HDTest" tests="1" failures="0" timestamp="22 May 2019 21:38:57 GMT" time="9.376" errors="0">
  <testcase name="HomeDashBoardTest" time="9.376" classname="Test.HDTest"/>
</testsuite> <!-- Test.HDTest -->
