<?xml version="1.0" encoding="UTF-8"?>
<!-- Generated by org.testng.reporters.JUnitReportReporter -->
<testsuite hostname="Nasib786" name="Test.LoginTest" tests="1" failures="0" timestamp="22 May 2019 18:47:26 GMT" time="9.790" errors="0">
  <testcase name="TechfiosLoginTest" time="9.790" classname="Test.LoginTest"/>
</testsuite> <!-- Test.LoginTest -->
